{"C:\\Users\\ofirp\\OneDrive\\Desktop\\Wonders\\Projects\\chattrix\\backend\\controllers\\authController.js": {"path":"C:\\Users\\ofirp\\OneDrive\\Desktop\\Wonders\\Projects\\chattrix\\backend\\controllers\\authController.js","statementMap":{"0":{"start":{"line":8,"column":24},"end":{"line":21,"column":1}},"1":{"start":{"line":9,"column":2},"end":{"line":20,"column":3}},"2":{"start":{"line":10,"column":42},"end":{"line":10,"column":50}},"3":{"start":{"line":11,"column":19},"end":{"line":11,"column":76}},"4":{"start":{"line":13,"column":4},"end":{"line":17,"column":7}},"5":{"start":{"line":19,"column":4},"end":{"line":19,"column":16}},"6":{"start":{"line":26,"column":21},"end":{"line":39,"column":1}},"7":{"start":{"line":27,"column":2},"end":{"line":38,"column":3}},"8":{"start":{"line":28,"column":32},"end":{"line":28,"column":40}},"9":{"start":{"line":29,"column":19},"end":{"line":29,"column":63}},"10":{"start":{"line":31,"column":4},"end":{"line":35,"column":7}},"11":{"start":{"line":37,"column":4},"end":{"line":37,"column":16}},"12":{"start":{"line":44,"column":21},"end":{"line":51,"column":1}},"13":{"start":{"line":45,"column":2},"end":{"line":50,"column":3}},"14":{"start":{"line":46,"column":17},"end":{"line":46,"column":50}},"15":{"start":{"line":47,"column":4},"end":{"line":47,"column":34}},"16":{"start":{"line":49,"column":4},"end":{"line":49,"column":16}},"17":{"start":{"line":56,"column":28},"end":{"line":64,"column":1}},"18":{"start":{"line":57,"column":2},"end":{"line":63,"column":3}},"19":{"start":{"line":58,"column":29},"end":{"line":58,"column":37}},"20":{"start":{"line":59,"column":19},"end":{"line":59,"column":69}},"21":{"start":{"line":60,"column":4},"end":{"line":60,"column":36}},"22":{"start":{"line":62,"column":4},"end":{"line":62,"column":16}},"23":{"start":{"line":69,"column":22},"end":{"line":78,"column":1}},"24":{"start":{"line":70,"column":2},"end":{"line":77,"column":3}},"25":{"start":{"line":71,"column":18},"end":{"line":71,"column":58}},"26":{"start":{"line":72,"column":29},"end":{"line":72,"column":37}},"27":{"start":{"line":73,"column":4},"end":{"line":73,"column":54}},"28":{"start":{"line":74,"column":4},"end":{"line":74,"column":61}},"29":{"start":{"line":76,"column":4},"end":{"line":76,"column":16}}},"fnMap":{"0":{"name":"(anonymous_0)","decl":{"start":{"line":8,"column":24},"end":{"line":8,"column":25}},"loc":{"start":{"line":8,"column":50},"end":{"line":21,"column":1}},"line":8},"1":{"name":"(anonymous_1)","decl":{"start":{"line":26,"column":21},"end":{"line":26,"column":22}},"loc":{"start":{"line":26,"column":47},"end":{"line":39,"column":1}},"line":26},"2":{"name":"(anonymous_2)","decl":{"start":{"line":44,"column":21},"end":{"line":44,"column":22}},"loc":{"start":{"line":44,"column":47},"end":{"line":51,"column":1}},"line":44},"3":{"name":"(anonymous_3)","decl":{"start":{"line":56,"column":28},"end":{"line":56,"column":29}},"loc":{"start":{"line":56,"column":54},"end":{"line":64,"column":1}},"line":56},"4":{"name":"(anonymous_4)","decl":{"start":{"line":69,"column":22},"end":{"line":69,"column":23}},"loc":{"start":{"line":69,"column":48},"end":{"line":78,"column":1}},"line":69}},"branchMap":{},"s":{"0":6,"1":0,"2":0,"3":0,"4":0,"5":0,"6":6,"7":0,"8":0,"9":0,"10":0,"11":0,"12":6,"13":0,"14":0,"15":0,"16":0,"17":6,"18":0,"19":0,"20":0,"21":0,"22":0,"23":6,"24":0,"25":0,"26":0,"27":0,"28":0,"29":0},"f":{"0":0,"1":0,"2":0,"3":0,"4":0},"b":{},"inputSourceMap":null,"_coverageSchema":"1a1c01bbd47fc00a2c39e90264f33305004495a9","hash":"e219db7259470459d793aed71b110c587da7d9cf"}
,"C:\\Users\\ofirp\\OneDrive\\Desktop\\Wonders\\Projects\\chattrix\\backend\\controllers\\chatController.js": {"path":"C:\\Users\\ofirp\\OneDrive\\Desktop\\Wonders\\Projects\\chattrix\\backend\\controllers\\chatController.js","statementMap":{"0":{"start":{"line":7,"column":24},"end":{"line":14,"column":1}},"1":{"start":{"line":8,"column":2},"end":{"line":13,"column":3}},"2":{"start":{"line":9,"column":18},"end":{"line":9,"column":62}},"3":{"start":{"line":10,"column":4},"end":{"line":10,"column":46}},"4":{"start":{"line":12,"column":4},"end":{"line":12,"column":16}},"5":{"start":{"line":19,"column":26},"end":{"line":31,"column":1}},"6":{"start":{"line":20,"column":2},"end":{"line":30,"column":3}},"7":{"start":{"line":21,"column":23},"end":{"line":21,"column":31}},"8":{"start":{"line":22,"column":28},"end":{"line":22,"column":83}},"9":{"start":{"line":24,"column":4},"end":{"line":26,"column":5}},"10":{"start":{"line":25,"column":6},"end":{"line":25,"column":36}},"11":{"start":{"line":27,"column":4},"end":{"line":27,"column":34}},"12":{"start":{"line":29,"column":4},"end":{"line":29,"column":16}},"13":{"start":{"line":36,"column":27},"end":{"line":43,"column":1}},"14":{"start":{"line":37,"column":2},"end":{"line":42,"column":3}},"15":{"start":{"line":38,"column":17},"end":{"line":38,"column":79}},"16":{"start":{"line":39,"column":4},"end":{"line":39,"column":34}},"17":{"start":{"line":41,"column":4},"end":{"line":41,"column":16}}},"fnMap":{"0":{"name":"(anonymous_0)","decl":{"start":{"line":7,"column":24},"end":{"line":7,"column":25}},"loc":{"start":{"line":7,"column":50},"end":{"line":14,"column":1}},"line":7},"1":{"name":"(anonymous_1)","decl":{"start":{"line":19,"column":26},"end":{"line":19,"column":27}},"loc":{"start":{"line":19,"column":52},"end":{"line":31,"column":1}},"line":19},"2":{"name":"(anonymous_2)","decl":{"start":{"line":36,"column":27},"end":{"line":36,"column":28}},"loc":{"start":{"line":36,"column":53},"end":{"line":43,"column":1}},"line":36}},"branchMap":{"0":{"loc":{"start":{"line":24,"column":4},"end":{"line":26,"column":5}},"type":"if","locations":[{"start":{"line":24,"column":4},"end":{"line":26,"column":5}},{"start":{},"end":{}}],"line":24}},"s":{"0":6,"1":2,"2":2,"3":2,"4":0,"5":6,"6":4,"7":4,"8":4,"9":3,"10":2,"11":1,"12":1,"13":6,"14":4,"15":4,"16":3,"17":1},"f":{"0":2,"1":4,"2":4},"b":{"0":[2,1]},"inputSourceMap":null,"_coverageSchema":"1a1c01bbd47fc00a2c39e90264f33305004495a9","hash":"216677e57434c5322478e2a3801c927c038a3c5c"}
,"C:\\Users\\ofirp\\OneDrive\\Desktop\\Wonders\\Projects\\chattrix\\backend\\controllers\\messageController.js": {"path":"C:\\Users\\ofirp\\OneDrive\\Desktop\\Wonders\\Projects\\chattrix\\backend\\controllers\\messageController.js","statementMap":{"0":{"start":{"line":9,"column":27},"end":{"line":27,"column":1}},"1":{"start":{"line":10,"column":2},"end":{"line":26,"column":3}},"2":{"start":{"line":12,"column":4},"end":{"line":12,"column":72}},"3":{"start":{"line":15,"column":28},"end":{"line":15,"column":62}},"4":{"start":{"line":17,"column":37},"end":{"line":21,"column":5}},"5":{"start":{"line":23,"column":4},"end":{"line":23,"column":52}},"6":{"start":{"line":25,"column":4},"end":{"line":25,"column":16}},"7":{"start":{"line":32,"column":29},"end":{"line":48,"column":1}},"8":{"start":{"line":33,"column":2},"end":{"line":47,"column":3}},"9":{"start":{"line":34,"column":55},"end":{"line":34,"column":63}},"10":{"start":{"line":36,"column":20},"end":{"line":42,"column":5}},"11":{"start":{"line":44,"column":4},"end":{"line":44,"column":37}},"12":{"start":{"line":46,"column":4},"end":{"line":46,"column":16}},"13":{"start":{"line":53,"column":33},"end":{"line":60,"column":1}},"14":{"start":{"line":54,"column":2},"end":{"line":59,"column":3}},"15":{"start":{"line":55,"column":4},"end":{"line":55,"column":79}},"16":{"start":{"line":56,"column":4},"end":{"line":56,"column":60}},"17":{"start":{"line":58,"column":4},"end":{"line":58,"column":16}}},"fnMap":{"0":{"name":"(anonymous_0)","decl":{"start":{"line":9,"column":27},"end":{"line":9,"column":28}},"loc":{"start":{"line":9,"column":53},"end":{"line":27,"column":1}},"line":9},"1":{"name":"(anonymous_1)","decl":{"start":{"line":32,"column":29},"end":{"line":32,"column":30}},"loc":{"start":{"line":32,"column":55},"end":{"line":48,"column":1}},"line":32},"2":{"name":"(anonymous_2)","decl":{"start":{"line":53,"column":33},"end":{"line":53,"column":34}},"loc":{"start":{"line":53,"column":59},"end":{"line":60,"column":1}},"line":53}},"branchMap":{},"s":{"0":6,"1":0,"2":0,"3":0,"4":0,"5":0,"6":0,"7":6,"8":0,"9":0,"10":0,"11":0,"12":0,"13":6,"14":0,"15":0,"16":0,"17":0},"f":{"0":0,"1":0,"2":0},"b":{},"inputSourceMap":null,"_coverageSchema":"1a1c01bbd47fc00a2c39e90264f33305004495a9","hash":"477a7a1bb703bb07171a64eb62cf587ddcdcb2d7"}
,"C:\\Users\\ofirp\\OneDrive\\Desktop\\Wonders\\Projects\\chattrix\\backend\\controllers\\userController.js": {"path":"C:\\Users\\ofirp\\OneDrive\\Desktop\\Wonders\\Projects\\chattrix\\backend\\controllers\\userController.js","statementMap":{"0":{"start":{"line":8,"column":24},"end":{"line":24,"column":1}},"1":{"start":{"line":9,"column":2},"end":{"line":23,"column":3}},"2":{"start":{"line":11,"column":28},"end":{"line":11,"column":62}},"3":{"start":{"line":13,"column":34},"end":{"line":18,"column":5}},"4":{"start":{"line":20,"column":4},"end":{"line":20,"column":49}},"5":{"start":{"line":22,"column":4},"end":{"line":22,"column":16}},"6":{"start":{"line":29,"column":27},"end":{"line":36,"column":1}},"7":{"start":{"line":30,"column":2},"end":{"line":35,"column":3}},"8":{"start":{"line":31,"column":17},"end":{"line":31,"column":61}},"9":{"start":{"line":32,"column":4},"end":{"line":32,"column":34}},"10":{"start":{"line":34,"column":4},"end":{"line":34,"column":16}},"11":{"start":{"line":41,"column":29},"end":{"line":52,"column":1}},"12":{"start":{"line":42,"column":2},"end":{"line":51,"column":3}},"13":{"start":{"line":43,"column":33},"end":{"line":43,"column":41}},"14":{"start":{"line":44,"column":17},"end":{"line":47,"column":6}},"15":{"start":{"line":48,"column":4},"end":{"line":48,"column":34}},"16":{"start":{"line":50,"column":4},"end":{"line":50,"column":16}}},"fnMap":{"0":{"name":"(anonymous_0)","decl":{"start":{"line":8,"column":24},"end":{"line":8,"column":25}},"loc":{"start":{"line":8,"column":50},"end":{"line":24,"column":1}},"line":8},"1":{"name":"(anonymous_1)","decl":{"start":{"line":29,"column":27},"end":{"line":29,"column":28}},"loc":{"start":{"line":29,"column":53},"end":{"line":36,"column":1}},"line":29},"2":{"name":"(anonymous_2)","decl":{"start":{"line":41,"column":29},"end":{"line":41,"column":30}},"loc":{"start":{"line":41,"column":55},"end":{"line":52,"column":1}},"line":41}},"branchMap":{},"s":{"0":6,"1":0,"2":0,"3":0,"4":0,"5":0,"6":6,"7":0,"8":0,"9":0,"10":0,"11":6,"12":0,"13":0,"14":0,"15":0,"16":0},"f":{"0":0,"1":0,"2":0},"b":{},"inputSourceMap":null,"_coverageSchema":"1a1c01bbd47fc00a2c39e90264f33305004495a9","hash":"5e43d06d3bd114cfc5e990b4bed6d237a6afc725"}
,"C:\\Users\\ofirp\\OneDrive\\Desktop\\Wonders\\Projects\\chattrix\\backend\\middleware\\auth.js": {"path":"C:\\Users\\ofirp\\OneDrive\\Desktop\\Wonders\\Projects\\chattrix\\backend\\middleware\\auth.js","statementMap":{"0":{"start":{"line":5,"column":23},"end":{"line":64,"column":1}},"1":{"start":{"line":8,"column":2},"end":{"line":63,"column":3}},"2":{"start":{"line":12,"column":4},"end":{"line":57,"column":5}},"3":{"start":{"line":14,"column":6},"end":{"line":14,"column":54}},"4":{"start":{"line":17,"column":28},"end":{"line":17,"column":67}},"5":{"start":{"line":18,"column":6},"end":{"line":23,"column":7}},"6":{"start":{"line":19,"column":8},"end":{"line":22,"column":11}},"7":{"start":{"line":26,"column":22},"end":{"line":26,"column":63}},"8":{"start":{"line":29,"column":6},"end":{"line":29,"column":69}},"9":{"start":{"line":31,"column":6},"end":{"line":36,"column":7}},"10":{"start":{"line":32,"column":8},"end":{"line":35,"column":11}},"11":{"start":{"line":38,"column":6},"end":{"line":38,"column":13}},"12":{"start":{"line":40,"column":6},"end":{"line":45,"column":7}},"13":{"start":{"line":41,"column":8},"end":{"line":44,"column":11}},"14":{"start":{"line":46,"column":6},"end":{"line":51,"column":7}},"15":{"start":{"line":47,"column":8},"end":{"line":50,"column":11}},"16":{"start":{"line":52,"column":6},"end":{"line":52,"column":56}},"17":{"start":{"line":53,"column":6},"end":{"line":56,"column":9}},"18":{"start":{"line":59,"column":4},"end":{"line":62,"column":7}}},"fnMap":{"0":{"name":"(anonymous_0)","decl":{"start":{"line":5,"column":23},"end":{"line":5,"column":24}},"loc":{"start":{"line":5,"column":49},"end":{"line":64,"column":1}},"line":5}},"branchMap":{"0":{"loc":{"start":{"line":8,"column":2},"end":{"line":63,"column":3}},"type":"if","locations":[{"start":{"line":8,"column":2},"end":{"line":63,"column":3}},{"start":{"line":58,"column":9},"end":{"line":63,"column":3}}],"line":8},"1":{"loc":{"start":{"line":9,"column":4},"end":{"line":10,"column":50}},"type":"binary-expr","locations":[{"start":{"line":9,"column":4},"end":{"line":9,"column":29}},{"start":{"line":10,"column":4},"end":{"line":10,"column":50}}],"line":9},"2":{"loc":{"start":{"line":18,"column":6},"end":{"line":23,"column":7}},"type":"if","locations":[{"start":{"line":18,"column":6},"end":{"line":23,"column":7}},{"start":{},"end":{}}],"line":18},"3":{"loc":{"start":{"line":31,"column":6},"end":{"line":36,"column":7}},"type":"if","locations":[{"start":{"line":31,"column":6},"end":{"line":36,"column":7}},{"start":{},"end":{}}],"line":31},"4":{"loc":{"start":{"line":40,"column":6},"end":{"line":45,"column":7}},"type":"if","locations":[{"start":{"line":40,"column":6},"end":{"line":45,"column":7}},{"start":{},"end":{}}],"line":40},"5":{"loc":{"start":{"line":46,"column":6},"end":{"line":51,"column":7}},"type":"if","locations":[{"start":{"line":46,"column":6},"end":{"line":51,"column":7}},{"start":{},"end":{}}],"line":46}},"s":{"0":6,"1":14,"2":13,"3":13,"4":13,"5":13,"6":0,"7":13,"8":13,"9":13,"10":0,"11":13,"12":0,"13":0,"14":0,"15":0,"16":0,"17":0,"18":1},"f":{"0":14},"b":{"0":[13,1],"1":[14,13],"2":[0,13],"3":[0,13],"4":[0,0],"5":[0,0]},"inputSourceMap":null,"_coverageSchema":"1a1c01bbd47fc00a2c39e90264f33305004495a9","hash":"924b91677cc7f142679388727db0af7449673088"}
,"C:\\Users\\ofirp\\OneDrive\\Desktop\\Wonders\\Projects\\chattrix\\backend\\middleware\\errorHandler.js": {"path":"C:\\Users\\ofirp\\OneDrive\\Desktop\\Wonders\\Projects\\chattrix\\backend\\middleware\\errorHandler.js","statementMap":{"0":{"start":{"line":4,"column":28},"end":{"line":76,"column":1}},"1":{"start":{"line":5,"column":14},"end":{"line":5,"column":24}},"2":{"start":{"line":6,"column":2},"end":{"line":6,"column":30}},"3":{"start":{"line":9,"column":2},"end":{"line":24,"column":4}},"4":{"start":{"line":27,"column":2},"end":{"line":32,"column":3}},"5":{"start":{"line":28,"column":4},"end":{"line":31,"column":7}},"6":{"start":{"line":35,"column":2},"end":{"line":37,"column":3}},"7":{"start":{"line":36,"column":4},"end":{"line":36,"column":63}},"8":{"start":{"line":40,"column":2},"end":{"line":42,"column":3}},"9":{"start":{"line":41,"column":4},"end":{"line":41,"column":74}},"10":{"start":{"line":45,"column":2},"end":{"line":50,"column":3}},"11":{"start":{"line":46,"column":20},"end":{"line":48,"column":17}},"12":{"start":{"line":47,"column":20},"end":{"line":47,"column":31}},"13":{"start":{"line":49,"column":4},"end":{"line":49,"column":41}},"14":{"start":{"line":53,"column":2},"end":{"line":55,"column":3}},"15":{"start":{"line":54,"column":4},"end":{"line":54,"column":58}},"16":{"start":{"line":57,"column":2},"end":{"line":59,"column":3}},"17":{"start":{"line":58,"column":4},"end":{"line":58,"column":58}},"18":{"start":{"line":62,"column":21},"end":{"line":62,"column":44}},"19":{"start":{"line":64,"column":4},"end":{"line":66,"column":39}},"20":{"start":{"line":68,"column":2},"end":{"line":75,"column":5}},"21":{"start":{"line":78,"column":24},"end":{"line":82,"column":1}},"22":{"start":{"line":79,"column":16},"end":{"line":79,"column":59}},"23":{"start":{"line":80,"column":2},"end":{"line":80,"column":18}},"24":{"start":{"line":81,"column":2},"end":{"line":81,"column":14}}},"fnMap":{"0":{"name":"(anonymous_0)","decl":{"start":{"line":4,"column":28},"end":{"line":4,"column":29}},"loc":{"start":{"line":4,"column":53},"end":{"line":76,"column":1}},"line":4},"1":{"name":"(anonymous_1)","decl":{"start":{"line":47,"column":11},"end":{"line":47,"column":12}},"loc":{"start":{"line":47,"column":20},"end":{"line":47,"column":31}},"line":47},"2":{"name":"(anonymous_2)","decl":{"start":{"line":78,"column":24},"end":{"line":78,"column":25}},"loc":{"start":{"line":78,"column":44},"end":{"line":82,"column":1}},"line":78}},"branchMap":{"0":{"loc":{"start":{"line":27,"column":2},"end":{"line":32,"column":3}},"type":"if","locations":[{"start":{"line":27,"column":2},"end":{"line":32,"column":3}},{"start":{},"end":{}}],"line":27},"1":{"loc":{"start":{"line":35,"column":2},"end":{"line":37,"column":3}},"type":"if","locations":[{"start":{"line":35,"column":2},"end":{"line":37,"column":3}},{"start":{},"end":{}}],"line":35},"2":{"loc":{"start":{"line":40,"column":2},"end":{"line":42,"column":3}},"type":"if","locations":[{"start":{"line":40,"column":2},"end":{"line":42,"column":3}},{"start":{},"end":{}}],"line":40},"3":{"loc":{"start":{"line":45,"column":2},"end":{"line":50,"column":3}},"type":"if","locations":[{"start":{"line":45,"column":2},"end":{"line":50,"column":3}},{"start":{},"end":{}}],"line":45},"4":{"loc":{"start":{"line":53,"column":2},"end":{"line":55,"column":3}},"type":"if","locations":[{"start":{"line":53,"column":2},"end":{"line":55,"column":3}},{"start":{},"end":{}}],"line":53},"5":{"loc":{"start":{"line":57,"column":2},"end":{"line":59,"column":3}},"type":"if","locations":[{"start":{"line":57,"column":2},"end":{"line":59,"column":3}},{"start":{},"end":{}}],"line":57},"6":{"loc":{"start":{"line":62,"column":21},"end":{"line":62,"column":44}},"type":"binary-expr","locations":[{"start":{"line":62,"column":21},"end":{"line":62,"column":37}},{"start":{"line":62,"column":41},"end":{"line":62,"column":44}}],"line":62},"7":{"loc":{"start":{"line":64,"column":4},"end":{"line":66,"column":39}},"type":"cond-expr","locations":[{"start":{"line":65,"column":8},"end":{"line":65,"column":31}},{"start":{"line":66,"column":8},"end":{"line":66,"column":39}}],"line":64},"8":{"loc":{"start":{"line":64,"column":4},"end":{"line":64,"column":63}},"type":"binary-expr","locations":[{"start":{"line":64,"column":4},"end":{"line":64,"column":22}},{"start":{"line":64,"column":26},"end":{"line":64,"column":63}}],"line":64},"9":{"loc":{"start":{"line":66,"column":8},"end":{"line":66,"column":39}},"type":"binary-expr","locations":[{"start":{"line":66,"column":8},"end":{"line":66,"column":21}},{"start":{"line":66,"column":25},"end":{"line":66,"column":39}}],"line":66},"10":{"loc":{"start":{"line":71,"column":8},"end":{"line":74,"column":5}},"type":"binary-expr","locations":[{"start":{"line":71,"column":8},"end":{"line":71,"column":46}},{"start":{"line":71,"column":50},"end":{"line":74,"column":5}}],"line":71}},"s":{"0":6,"1":2,"2":2,"3":2,"4":2,"5":2,"6":0,"7":0,"8":0,"9":0,"10":0,"11":0,"12":0,"13":0,"14":0,"15":0,"16":0,"17":0,"18":0,"19":0,"20":0,"21":6,"22":0,"23":0,"24":0},"f":{"0":2,"1":0,"2":0},"b":{"0":[2,0],"1":[0,0],"2":[0,0],"3":[0,0],"4":[0,0],"5":[0,0],"6":[0,0],"7":[0,0],"8":[0,0],"9":[0,0],"10":[0,0]},"inputSourceMap":null,"_coverageSchema":"1a1c01bbd47fc00a2c39e90264f33305004495a9","hash":"df2a1c8779d8bc0b7abd81e07a97f0330e9f4990"}
,"C:\\Users\\ofirp\\OneDrive\\Desktop\\Wonders\\Projects\\chattrix\\backend\\middleware\\rateLimiter.js": {"path":"C:\\Users\\ofirp\\OneDrive\\Desktop\\Wonders\\Projects\\chattrix\\backend\\middleware\\rateLimiter.js","statementMap":{"0":{"start":{"line":4,"column":27},"end":{"line":19,"column":2}},"1":{"start":{"line":15,"column":4},"end":{"line":15,"column":46}},"2":{"start":{"line":15,"column":34},"end":{"line":15,"column":46}},"3":{"start":{"line":16,"column":4},"end":{"line":16,"column":53}},"4":{"start":{"line":16,"column":41},"end":{"line":16,"column":53}},"5":{"start":{"line":17,"column":4},"end":{"line":17,"column":17}},"6":{"start":{"line":22,"column":31},"end":{"line":37,"column":2}},"7":{"start":{"line":33,"column":4},"end":{"line":33,"column":46}},"8":{"start":{"line":33,"column":34},"end":{"line":33,"column":46}},"9":{"start":{"line":34,"column":4},"end":{"line":34,"column":53}},"10":{"start":{"line":34,"column":41},"end":{"line":34,"column":53}},"11":{"start":{"line":35,"column":4},"end":{"line":35,"column":17}}},"fnMap":{"0":{"name":"(anonymous_0)","decl":{"start":{"line":13,"column":8},"end":{"line":13,"column":9}},"loc":{"start":{"line":13,"column":17},"end":{"line":18,"column":3}},"line":13},"1":{"name":"(anonymous_1)","decl":{"start":{"line":31,"column":8},"end":{"line":31,"column":9}},"loc":{"start":{"line":31,"column":17},"end":{"line":36,"column":3}},"line":31}},"branchMap":{"0":{"loc":{"start":{"line":15,"column":4},"end":{"line":15,"column":46}},"type":"if","locations":[{"start":{"line":15,"column":4},"end":{"line":15,"column":46}},{"start":{},"end":{}}],"line":15},"1":{"loc":{"start":{"line":16,"column":4},"end":{"line":16,"column":53}},"type":"if","locations":[{"start":{"line":16,"column":4},"end":{"line":16,"column":53}},{"start":{},"end":{}}],"line":16},"2":{"loc":{"start":{"line":33,"column":4},"end":{"line":33,"column":46}},"type":"if","locations":[{"start":{"line":33,"column":4},"end":{"line":33,"column":46}},{"start":{},"end":{}}],"line":33},"3":{"loc":{"start":{"line":34,"column":4},"end":{"line":34,"column":53}},"type":"if","locations":[{"start":{"line":34,"column":4},"end":{"line":34,"column":53}},{"start":{},"end":{}}],"line":34}},"s":{"0":6,"1":0,"2":0,"3":0,"4":0,"5":0,"6":6,"7":0,"8":0,"9":0,"10":0,"11":0},"f":{"0":0,"1":0},"b":{"0":[0,0],"1":[0,0],"2":[0,0],"3":[0,0]},"inputSourceMap":null,"_coverageSchema":"1a1c01bbd47fc00a2c39e90264f33305004495a9","hash":"51fde494d7d3cc0eaac40f0e5d9cea361494d8c3"}
,"C:\\Users\\ofirp\\OneDrive\\Desktop\\Wonders\\Projects\\chattrix\\backend\\middleware\\validation.js": {"path":"C:\\Users\\ofirp\\OneDrive\\Desktop\\Wonders\\Projects\\chattrix\\backend\\middleware\\validation.js","statementMap":{"0":{"start":{"line":3,"column":24},"end":{"line":12,"column":1}},"1":{"start":{"line":4,"column":17},"end":{"line":4,"column":38}},"2":{"start":{"line":5,"column":2},"end":{"line":10,"column":3}},"3":{"start":{"line":6,"column":4},"end":{"line":9,"column":7}},"4":{"start":{"line":11,"column":2},"end":{"line":11,"column":9}}},"fnMap":{"0":{"name":"(anonymous_0)","decl":{"start":{"line":3,"column":24},"end":{"line":3,"column":25}},"loc":{"start":{"line":3,"column":44},"end":{"line":12,"column":1}},"line":3}},"branchMap":{"0":{"loc":{"start":{"line":5,"column":2},"end":{"line":10,"column":3}},"type":"if","locations":[{"start":{"line":5,"column":2},"end":{"line":10,"column":3}},{"start":{},"end":{}}],"line":5}},"s":{"0":6,"1":11,"2":11,"3":3,"4":8},"f":{"0":11},"b":{"0":[3,8]},"inputSourceMap":null,"_coverageSchema":"1a1c01bbd47fc00a2c39e90264f33305004495a9","hash":"aabdf3efebc71826dce0d9f9a4cb43961fedf955"}
,"C:\\Users\\ofirp\\OneDrive\\Desktop\\Wonders\\Projects\\chattrix\\backend\\services\\authService.js": {"path":"C:\\Users\\ofirp\\OneDrive\\Desktop\\Wonders\\Projects\\chattrix\\backend\\services\\authService.js","statementMap":{"0":{"start":{"line":8,"column":28},"end":{"line":41,"column":1}},"1":{"start":{"line":10,"column":21},"end":{"line":12,"column":4}},"2":{"start":{"line":14,"column":2},"end":{"line":16,"column":3}},"3":{"start":{"line":15,"column":4},"end":{"line":15,"column":79}},"4":{"start":{"line":19,"column":17},"end":{"line":19,"column":47}},"5":{"start":{"line":22,"column":15},"end":{"line":27,"column":4}},"6":{"start":{"line":29,"column":40},"end":{"line":29,"column":64}},"7":{"start":{"line":31,"column":2},"end":{"line":40,"column":4}},"8":{"start":{"line":43,"column":25},"end":{"line":69,"column":1}},"9":{"start":{"line":45,"column":15},"end":{"line":45,"column":64}},"10":{"start":{"line":47,"column":2},"end":{"line":49,"column":3}},"11":{"start":{"line":48,"column":4},"end":{"line":48,"column":61}},"12":{"start":{"line":52,"column":2},"end":{"line":52,"column":23}},"13":{"start":{"line":53,"column":2},"end":{"line":53,"column":29}},"14":{"start":{"line":54,"column":2},"end":{"line":54,"column":20}},"15":{"start":{"line":56,"column":40},"end":{"line":56,"column":64}},"16":{"start":{"line":58,"column":2},"end":{"line":68,"column":4}},"17":{"start":{"line":71,"column":34},"end":{"line":96,"column":1}},"18":{"start":{"line":72,"column":2},"end":{"line":74,"column":3}},"19":{"start":{"line":73,"column":4},"end":{"line":73,"column":59}},"20":{"start":{"line":77,"column":24},"end":{"line":77,"column":77}},"21":{"start":{"line":78,"column":2},"end":{"line":80,"column":3}},"22":{"start":{"line":79,"column":4},"end":{"line":79,"column":58}},"23":{"start":{"line":83,"column":18},"end":{"line":86,"column":3}},"24":{"start":{"line":89,"column":15},"end":{"line":89,"column":46}},"25":{"start":{"line":90,"column":2},"end":{"line":92,"column":3}},"26":{"start":{"line":91,"column":4},"end":{"line":91,"column":46}},"27":{"start":{"line":95,"column":2},"end":{"line":95,"column":34}},"28":{"start":{"line":98,"column":26},"end":{"line":124,"column":1}},"29":{"start":{"line":99,"column":28},"end":{"line":99,"column":30}},"30":{"start":{"line":101,"column":2},"end":{"line":109,"column":3}},"31":{"start":{"line":102,"column":20},"end":{"line":102,"column":43}},"32":{"start":{"line":103,"column":4},"end":{"line":108,"column":5}},"33":{"start":{"line":104,"column":6},"end":{"line":107,"column":9}},"34":{"start":{"line":111,"column":2},"end":{"line":119,"column":3}},"35":{"start":{"line":112,"column":20},"end":{"line":112,"column":44}},"36":{"start":{"line":113,"column":4},"end":{"line":118,"column":5}},"37":{"start":{"line":114,"column":6},"end":{"line":117,"column":9}},"38":{"start":{"line":121,"column":2},"end":{"line":123,"column":3}},"39":{"start":{"line":122,"column":4},"end":{"line":122,"column":55}}},"fnMap":{"0":{"name":"(anonymous_0)","decl":{"start":{"line":8,"column":28},"end":{"line":8,"column":29}},"loc":{"start":{"line":8,"column":65},"end":{"line":41,"column":1}},"line":8},"1":{"name":"(anonymous_1)","decl":{"start":{"line":43,"column":25},"end":{"line":43,"column":26}},"loc":{"start":{"line":43,"column":52},"end":{"line":69,"column":1}},"line":43},"2":{"name":"(anonymous_2)","decl":{"start":{"line":71,"column":34},"end":{"line":71,"column":35}},"loc":{"start":{"line":71,"column":58},"end":{"line":96,"column":1}},"line":71},"3":{"name":"(anonymous_3)","decl":{"start":{"line":98,"column":26},"end":{"line":98,"column":27}},"loc":{"start":{"line":98,"column":63},"end":{"line":124,"column":1}},"line":98}},"branchMap":{"0":{"loc":{"start":{"line":14,"column":2},"end":{"line":16,"column":3}},"type":"if","locations":[{"start":{"line":14,"column":2},"end":{"line":16,"column":3}},{"start":{},"end":{}}],"line":14},"1":{"loc":{"start":{"line":47,"column":2},"end":{"line":49,"column":3}},"type":"if","locations":[{"start":{"line":47,"column":2},"end":{"line":49,"column":3}},{"start":{},"end":{}}],"line":47},"2":{"loc":{"start":{"line":47,"column":6},"end":{"line":47,"column":52}},"type":"binary-expr","locations":[{"start":{"line":47,"column":6},"end":{"line":47,"column":11}},{"start":{"line":47,"column":15},"end":{"line":47,"column":52}}],"line":47},"3":{"loc":{"start":{"line":72,"column":2},"end":{"line":74,"column":3}},"type":"if","locations":[{"start":{"line":72,"column":2},"end":{"line":74,"column":3}},{"start":{},"end":{}}],"line":72},"4":{"loc":{"start":{"line":78,"column":2},"end":{"line":80,"column":3}},"type":"if","locations":[{"start":{"line":78,"column":2},"end":{"line":80,"column":3}},{"start":{},"end":{}}],"line":78},"5":{"loc":{"start":{"line":85,"column":4},"end":{"line":85,"column":60}},"type":"binary-expr","locations":[{"start":{"line":85,"column":4},"end":{"line":85,"column":34}},{"start":{"line":85,"column":38},"end":{"line":85,"column":60}}],"line":85},"6":{"loc":{"start":{"line":90,"column":2},"end":{"line":92,"column":3}},"type":"if","locations":[{"start":{"line":90,"column":2},"end":{"line":92,"column":3}},{"start":{},"end":{}}],"line":90},"7":{"loc":{"start":{"line":101,"column":2},"end":{"line":109,"column":3}},"type":"if","locations":[{"start":{"line":101,"column":2},"end":{"line":109,"column":3}},{"start":{},"end":{}}],"line":101},"8":{"loc":{"start":{"line":103,"column":4},"end":{"line":108,"column":5}},"type":"if","locations":[{"start":{"line":103,"column":4},"end":{"line":108,"column":5}},{"start":{},"end":{}}],"line":103},"9":{"loc":{"start":{"line":103,"column":8},"end":{"line":103,"column":30}},"type":"binary-expr","locations":[{"start":{"line":103,"column":8},"end":{"line":103,"column":15}},{"start":{"line":103,"column":19},"end":{"line":103,"column":30}}],"line":103},"10":{"loc":{"start":{"line":111,"column":2},"end":{"line":119,"column":3}},"type":"if","locations":[{"start":{"line":111,"column":2},"end":{"line":119,"column":3}},{"start":{},"end":{}}],"line":111},"11":{"loc":{"start":{"line":113,"column":4},"end":{"line":118,"column":5}},"type":"if","locations":[{"start":{"line":113,"column":4},"end":{"line":118,"column":5}},{"start":{},"end":{}}],"line":113},"12":{"loc":{"start":{"line":113,"column":8},"end":{"line":113,"column":30}},"type":"binary-expr","locations":[{"start":{"line":113,"column":8},"end":{"line":113,"column":15}},{"start":{"line":113,"column":19},"end":{"line":113,"column":30}}],"line":113},"13":{"loc":{"start":{"line":121,"column":2},"end":{"line":123,"column":3}},"type":"if","locations":[{"start":{"line":121,"column":2},"end":{"line":123,"column":3}},{"start":{},"end":{}}],"line":121}},"s":{"0":9,"1":100,"2":100,"3":1,"4":99,"5":99,"6":99,"7":99,"8":9,"9":2,"10":2,"11":1,"12":1,"13":1,"14":1,"15":1,"16":1,"17":9,"18":0,"19":0,"20":0,"21":0,"22":0,"23":0,"24":0,"25":0,"26":0,"27":0,"28":9,"29":0,"30":0,"31":0,"32":0,"33":0,"34":0,"35":0,"36":0,"37":0,"38":0,"39":0},"f":{"0":100,"1":2,"2":0,"3":0},"b":{"0":[1,99],"1":[1,1],"2":[2,2],"3":[0,0],"4":[0,0],"5":[0,0],"6":[0,0],"7":[0,0],"8":[0,0],"9":[0,0],"10":[0,0],"11":[0,0],"12":[0,0],"13":[0,0]},"inputSourceMap":null,"_coverageSchema":"1a1c01bbd47fc00a2c39e90264f33305004495a9","hash":"4245180a00e75bbbaab2ea30976d78898eb19a5a"}
,"C:\\Users\\ofirp\\OneDrive\\Desktop\\Wonders\\Projects\\chattrix\\backend\\services\\chatService.js": {"path":"C:\\Users\\ofirp\\OneDrive\\Desktop\\Wonders\\Projects\\chattrix\\backend\\services\\chatService.js","statementMap":{"0":{"start":{"line":5,"column":28},"end":{"line":26,"column":1}},"1":{"start":{"line":6,"column":16},"end":{"line":23,"column":11}},"2":{"start":{"line":25,"column":2},"end":{"line":25,"column":15}},"3":{"start":{"line":28,"column":31},"end":{"line":84,"column":1}},"4":{"start":{"line":30,"column":2},"end":{"line":32,"column":3}},"5":{"start":{"line":31,"column":4},"end":{"line":31,"column":68}},"6":{"start":{"line":35,"column":20},"end":{"line":35,"column":52}},"7":{"start":{"line":36,"column":2},"end":{"line":38,"column":3}},"8":{"start":{"line":37,"column":4},"end":{"line":37,"column":46}},"9":{"start":{"line":41,"column":13},"end":{"line":56,"column":59}},"10":{"start":{"line":58,"column":2},"end":{"line":61,"column":3}},"11":{"start":{"line":60,"column":4},"end":{"line":60,"column":34}},"12":{"start":{"line":64,"column":2},"end":{"line":66,"column":5}},"13":{"start":{"line":68,"column":2},"end":{"line":81,"column":60}},"14":{"start":{"line":83,"column":2},"end":{"line":83,"column":31}},"15":{"start":{"line":86,"column":27},"end":{"line":110,"column":1}},"16":{"start":{"line":87,"column":15},"end":{"line":103,"column":59}},"17":{"start":{"line":105,"column":2},"end":{"line":107,"column":3}},"18":{"start":{"line":106,"column":4},"end":{"line":106,"column":46}},"19":{"start":{"line":109,"column":2},"end":{"line":109,"column":14}},"20":{"start":{"line":112,"column":32},"end":{"line":123,"column":1}},"21":{"start":{"line":113,"column":15},"end":{"line":116,"column":27}},"22":{"start":{"line":118,"column":2},"end":{"line":120,"column":3}},"23":{"start":{"line":119,"column":4},"end":{"line":119,"column":63}},"24":{"start":{"line":122,"column":2},"end":{"line":122,"column":14}},"25":{"start":{"line":125,"column":30},"end":{"line":131,"column":1}},"26":{"start":{"line":126,"column":16},"end":{"line":128,"column":25}},"27":{"start":{"line":130,"column":2},"end":{"line":130,"column":50}},"28":{"start":{"line":130,"column":29},"end":{"line":130,"column":48}}},"fnMap":{"0":{"name":"(anonymous_0)","decl":{"start":{"line":5,"column":28},"end":{"line":5,"column":29}},"loc":{"start":{"line":5,"column":46},"end":{"line":26,"column":1}},"line":5},"1":{"name":"(anonymous_1)","decl":{"start":{"line":28,"column":31},"end":{"line":28,"column":32}},"loc":{"start":{"line":28,"column":62},"end":{"line":84,"column":1}},"line":28},"2":{"name":"(anonymous_2)","decl":{"start":{"line":86,"column":27},"end":{"line":86,"column":28}},"loc":{"start":{"line":86,"column":53},"end":{"line":110,"column":1}},"line":86},"3":{"name":"(anonymous_3)","decl":{"start":{"line":112,"column":32},"end":{"line":112,"column":33}},"loc":{"start":{"line":112,"column":58},"end":{"line":123,"column":1}},"line":112},"4":{"name":"(anonymous_4)","decl":{"start":{"line":125,"column":30},"end":{"line":125,"column":31}},"loc":{"start":{"line":125,"column":48},"end":{"line":131,"column":1}},"line":125},"5":{"name":"(anonymous_5)","decl":{"start":{"line":130,"column":19},"end":{"line":130,"column":20}},"loc":{"start":{"line":130,"column":29},"end":{"line":130,"column":48}},"line":130}},"branchMap":{"0":{"loc":{"start":{"line":30,"column":2},"end":{"line":32,"column":3}},"type":"if","locations":[{"start":{"line":30,"column":2},"end":{"line":32,"column":3}},{"start":{},"end":{}}],"line":30},"1":{"loc":{"start":{"line":36,"column":2},"end":{"line":38,"column":3}},"type":"if","locations":[{"start":{"line":36,"column":2},"end":{"line":38,"column":3}},{"start":{},"end":{}}],"line":36},"2":{"loc":{"start":{"line":58,"column":2},"end":{"line":61,"column":3}},"type":"if","locations":[{"start":{"line":58,"column":2},"end":{"line":61,"column":3}},{"start":{},"end":{}}],"line":58},"3":{"loc":{"start":{"line":105,"column":2},"end":{"line":107,"column":3}},"type":"if","locations":[{"start":{"line":105,"column":2},"end":{"line":107,"column":3}},{"start":{},"end":{}}],"line":105},"4":{"loc":{"start":{"line":118,"column":2},"end":{"line":120,"column":3}},"type":"if","locations":[{"start":{"line":118,"column":2},"end":{"line":120,"column":3}},{"start":{},"end":{}}],"line":118}},"s":{"0":6,"1":2,"2":2,"3":6,"4":4,"5":0,"6":4,"7":4,"8":1,"9":3,"10":3,"11":1,"12":2,"13":2,"14":2,"15":6,"16":4,"17":4,"18":1,"19":3,"20":6,"21":0,"22":0,"23":0,"24":0,"25":6,"26":0,"27":0,"28":0},"f":{"0":2,"1":4,"2":4,"3":0,"4":0,"5":0},"b":{"0":[0,4],"1":[1,3],"2":[1,2],"3":[1,3],"4":[0,0]},"inputSourceMap":null,"_coverageSchema":"1a1c01bbd47fc00a2c39e90264f33305004495a9","hash":"f7d659ef04f0be9eb39145f1c5a58a66accc3fb1"}
,"C:\\Users\\ofirp\\OneDrive\\Desktop\\Wonders\\Projects\\chattrix\\backend\\services\\messageService.js": {"path":"C:\\Users\\ofirp\\OneDrive\\Desktop\\Wonders\\Projects\\chattrix\\backend\\services\\messageService.js","statementMap":{"0":{"start":{"line":7,"column":31},"end":{"line":27,"column":1}},"1":{"start":{"line":8,"column":15},"end":{"line":8,"column":35}},"2":{"start":{"line":10,"column":28},"end":{"line":21,"column":4}},"3":{"start":{"line":23,"column":2},"end":{"line":26,"column":4}},"4":{"start":{"line":29,"column":29},"end":{"line":117,"column":1}},"5":{"start":{"line":31,"column":25},"end":{"line":31,"column":39}},"6":{"start":{"line":32,"column":2},"end":{"line":34,"column":3}},"7":{"start":{"line":33,"column":4},"end":{"line":33,"column":65}},"8":{"start":{"line":35,"column":2},"end":{"line":37,"column":3}},"9":{"start":{"line":36,"column":4},"end":{"line":36,"column":79}},"10":{"start":{"line":40,"column":15},"end":{"line":43,"column":27}},"11":{"start":{"line":45,"column":2},"end":{"line":47,"column":3}},"12":{"start":{"line":46,"column":4},"end":{"line":46,"column":63}},"13":{"start":{"line":50,"column":25},"end":{"line":50,"column":56}},"14":{"start":{"line":52,"column":2},"end":{"line":116,"column":3}},"15":{"start":{"line":53,"column":20},"end":{"line":53,"column":49}},"16":{"start":{"line":54,"column":4},"end":{"line":54,"column":31}},"17":{"start":{"line":56,"column":4},"end":{"line":93,"column":5}},"18":{"start":{"line":57,"column":22},"end":{"line":68,"column":7}},"19":{"start":{"line":71,"column":6},"end":{"line":75,"column":8}},"20":{"start":{"line":77,"column":6},"end":{"line":77,"column":40}},"21":{"start":{"line":78,"column":6},"end":{"line":78,"column":27}},"22":{"start":{"line":81,"column":31},"end":{"line":86,"column":76}},"23":{"start":{"line":88,"column":6},"end":{"line":88,"column":30}},"24":{"start":{"line":90,"column":6},"end":{"line":90,"column":39}},"25":{"start":{"line":91,"column":6},"end":{"line":91,"column":27}},"26":{"start":{"line":92,"column":6},"end":{"line":92,"column":18}},"27":{"start":{"line":96,"column":20},"end":{"line":102,"column":6}},"28":{"start":{"line":105,"column":4},"end":{"line":105,"column":71}},"29":{"start":{"line":108,"column":29},"end":{"line":113,"column":74}},"30":{"start":{"line":115,"column":4},"end":{"line":115,"column":28}},"31":{"start":{"line":119,"column":33},"end":{"line":146,"column":1}},"32":{"start":{"line":120,"column":18},"end":{"line":120,"column":73}},"33":{"start":{"line":122,"column":2},"end":{"line":124,"column":3}},"34":{"start":{"line":123,"column":4},"end":{"line":123,"column":49}},"35":{"start":{"line":127,"column":15},"end":{"line":127,"column":71}},"36":{"start":{"line":128,"column":2},"end":{"line":130,"column":3}},"37":{"start":{"line":129,"column":4},"end":{"line":129,"column":46}},"38":{"start":{"line":133,"column":22},"end":{"line":135,"column":3}},"39":{"start":{"line":134,"column":14},"end":{"line":134,"column":56}},"40":{"start":{"line":137,"column":2},"end":{"line":143,"column":3}},"41":{"start":{"line":138,"column":4},"end":{"line":141,"column":7}},"42":{"start":{"line":142,"column":4},"end":{"line":142,"column":25}},"43":{"start":{"line":145,"column":2},"end":{"line":145,"column":17}}},"fnMap":{"0":{"name":"(anonymous_0)","decl":{"start":{"line":7,"column":31},"end":{"line":7,"column":32}},"loc":{"start":{"line":7,"column":71},"end":{"line":27,"column":1}},"line":7},"1":{"name":"(anonymous_1)","decl":{"start":{"line":29,"column":29},"end":{"line":29,"column":30}},"loc":{"start":{"line":29,"column":87},"end":{"line":117,"column":1}},"line":29},"2":{"name":"(anonymous_2)","decl":{"start":{"line":119,"column":33},"end":{"line":119,"column":34}},"loc":{"start":{"line":119,"column":62},"end":{"line":146,"column":1}},"line":119},"3":{"name":"(anonymous_3)","decl":{"start":{"line":134,"column":4},"end":{"line":134,"column":5}},"loc":{"start":{"line":134,"column":14},"end":{"line":134,"column":56}},"line":134}},"branchMap":{"0":{"loc":{"start":{"line":7,"column":46},"end":{"line":7,"column":54}},"type":"default-arg","locations":[{"start":{"line":7,"column":53},"end":{"line":7,"column":54}}],"line":7},"1":{"loc":{"start":{"line":7,"column":56},"end":{"line":7,"column":66}},"type":"default-arg","locations":[{"start":{"line":7,"column":64},"end":{"line":7,"column":66}}],"line":7},"2":{"loc":{"start":{"line":32,"column":2},"end":{"line":34,"column":3}},"type":"if","locations":[{"start":{"line":32,"column":2},"end":{"line":34,"column":3}},{"start":{},"end":{}}],"line":32},"3":{"loc":{"start":{"line":35,"column":2},"end":{"line":37,"column":3}},"type":"if","locations":[{"start":{"line":35,"column":2},"end":{"line":37,"column":3}},{"start":{},"end":{}}],"line":35},"4":{"loc":{"start":{"line":45,"column":2},"end":{"line":47,"column":3}},"type":"if","locations":[{"start":{"line":45,"column":2},"end":{"line":47,"column":3}},{"start":{},"end":{}}],"line":45},"5":{"loc":{"start":{"line":52,"column":2},"end":{"line":116,"column":3}},"type":"if","locations":[{"start":{"line":52,"column":2},"end":{"line":116,"column":3}},{"start":{"line":94,"column":9},"end":{"line":116,"column":3}}],"line":52},"6":{"loc":{"start":{"line":63,"column":25},"end":{"line":63,"column":46}},"type":"binary-expr","locations":[{"start":{"line":63,"column":25},"end":{"line":63,"column":36}},{"start":{"line":63,"column":40},"end":{"line":63,"column":46}}],"line":63},"7":{"loc":{"start":{"line":64,"column":22},"end":{"line":64,"column":36}},"type":"binary-expr","locations":[{"start":{"line":64,"column":22},"end":{"line":64,"column":30}},{"start":{"line":64,"column":34},"end":{"line":64,"column":36}}],"line":64},"8":{"loc":{"start":{"line":100,"column":19},"end":{"line":100,"column":40}},"type":"binary-expr","locations":[{"start":{"line":100,"column":19},"end":{"line":100,"column":30}},{"start":{"line":100,"column":34},"end":{"line":100,"column":40}}],"line":100},"9":{"loc":{"start":{"line":101,"column":16},"end":{"line":101,"column":30}},"type":"binary-expr","locations":[{"start":{"line":101,"column":16},"end":{"line":101,"column":24}},{"start":{"line":101,"column":28},"end":{"line":101,"column":30}}],"line":101},"10":{"loc":{"start":{"line":122,"column":2},"end":{"line":124,"column":3}},"type":"if","locations":[{"start":{"line":122,"column":2},"end":{"line":124,"column":3}},{"start":{},"end":{}}],"line":122},"11":{"loc":{"start":{"line":128,"column":2},"end":{"line":130,"column":3}},"type":"if","locations":[{"start":{"line":128,"column":2},"end":{"line":130,"column":3}},{"start":{},"end":{}}],"line":128},"12":{"loc":{"start":{"line":128,"column":6},"end":{"line":128,"column":50}},"type":"binary-expr","locations":[{"start":{"line":128,"column":6},"end":{"line":128,"column":11}},{"start":{"line":128,"column":15},"end":{"line":128,"column":50}}],"line":128},"13":{"loc":{"start":{"line":137,"column":2},"end":{"line":143,"column":3}},"type":"if","locations":[{"start":{"line":137,"column":2},"end":{"line":143,"column":3}},{"start":{},"end":{}}],"line":137}},"s":{"0":7,"1":2,"2":2,"3":2,"4":7,"5":4,"6":4,"7":1,"8":3,"9":1,"10":2,"11":2,"12":1,"13":1,"14":1,"15":0,"16":0,"17":0,"18":0,"19":0,"20":0,"21":0,"22":0,"23":0,"24":0,"25":0,"26":0,"27":1,"28":1,"29":1,"30":1,"31":7,"32":3,"33":3,"34":1,"35":2,"36":2,"37":1,"38":1,"39":0,"40":1,"41":1,"42":1,"43":1},"f":{"0":2,"1":4,"2":3,"3":0},"b":{"0":[0],"1":[0],"2":[1,3],"3":[1,2],"4":[1,1],"5":[0,1],"6":[0,0],"7":[0,0],"8":[1,0],"9":[1,1],"10":[1,2],"11":[1,1],"12":[2,2],"13":[1,0]},"inputSourceMap":null,"_coverageSchema":"1a1c01bbd47fc00a2c39e90264f33305004495a9","hash":"7ab2562127930a68fc2d1b94515fc72dacd73d0a"}
,"C:\\Users\\ofirp\\OneDrive\\Desktop\\Wonders\\Projects\\chattrix\\backend\\services\\userService.js": {"path":"C:\\Users\\ofirp\\OneDrive\\Desktop\\Wonders\\Projects\\chattrix\\backend\\services\\userService.js","statementMap":{"0":{"start":{"line":9,"column":27},"end":{"line":49,"column":1}},"1":{"start":{"line":16,"column":2},"end":{"line":18,"column":3}},"2":{"start":{"line":17,"column":4},"end":{"line":17,"column":75}},"3":{"start":{"line":20,"column":15},"end":{"line":20,"column":35}},"4":{"start":{"line":22,"column":18},"end":{"line":29,"column":8}},"5":{"start":{"line":31,"column":16},"end":{"line":34,"column":3}},"6":{"start":{"line":36,"column":25},"end":{"line":43,"column":4}},"7":{"start":{"line":45,"column":2},"end":{"line":48,"column":4}},"8":{"start":{"line":51,"column":27},"end":{"line":61,"column":1}},"9":{"start":{"line":52,"column":15},"end":{"line":54,"column":3}},"10":{"start":{"line":56,"column":2},"end":{"line":58,"column":3}},"11":{"start":{"line":57,"column":4},"end":{"line":57,"column":46}},"12":{"start":{"line":60,"column":2},"end":{"line":60,"column":14}},"13":{"start":{"line":63,"column":33},"end":{"line":96,"column":1}},"14":{"start":{"line":64,"column":31},"end":{"line":64,"column":38}},"15":{"start":{"line":66,"column":15},"end":{"line":66,"column":42}},"16":{"start":{"line":68,"column":2},"end":{"line":70,"column":3}},"17":{"start":{"line":69,"column":4},"end":{"line":69,"column":46}},"18":{"start":{"line":72,"column":2},"end":{"line":88,"column":3}},"19":{"start":{"line":74,"column":4},"end":{"line":76,"column":5}},"20":{"start":{"line":75,"column":6},"end":{"line":75,"column":60}},"21":{"start":{"line":78,"column":27},"end":{"line":81,"column":6}},"22":{"start":{"line":83,"column":4},"end":{"line":85,"column":5}},"23":{"start":{"line":84,"column":6},"end":{"line":84,"column":56}},"24":{"start":{"line":87,"column":4},"end":{"line":87,"column":29}},"25":{"start":{"line":90,"column":2},"end":{"line":92,"column":3}},"26":{"start":{"line":91,"column":4},"end":{"line":91,"column":25}},"27":{"start":{"line":94,"column":2},"end":{"line":94,"column":20}},"28":{"start":{"line":95,"column":2},"end":{"line":95,"column":14}}},"fnMap":{"0":{"name":"(anonymous_0)","decl":{"start":{"line":9,"column":27},"end":{"line":9,"column":28}},"loc":{"start":{"line":14,"column":5},"end":{"line":49,"column":1}},"line":14},"1":{"name":"(anonymous_1)","decl":{"start":{"line":51,"column":27},"end":{"line":51,"column":28}},"loc":{"start":{"line":51,"column":45},"end":{"line":61,"column":1}},"line":51},"2":{"name":"(anonymous_2)","decl":{"start":{"line":63,"column":33},"end":{"line":63,"column":34}},"loc":{"start":{"line":63,"column":60},"end":{"line":96,"column":1}},"line":63}},"branchMap":{"0":{"loc":{"start":{"line":12,"column":2},"end":{"line":12,"column":10}},"type":"default-arg","locations":[{"start":{"line":12,"column":9},"end":{"line":12,"column":10}}],"line":12},"1":{"loc":{"start":{"line":13,"column":2},"end":{"line":13,"column":12}},"type":"default-arg","locations":[{"start":{"line":13,"column":10},"end":{"line":13,"column":12}}],"line":13},"2":{"loc":{"start":{"line":16,"column":2},"end":{"line":18,"column":3}},"type":"if","locations":[{"start":{"line":16,"column":2},"end":{"line":18,"column":3}},{"start":{},"end":{}}],"line":16},"3":{"loc":{"start":{"line":16,"column":6},"end":{"line":16,"column":45}},"type":"binary-expr","locations":[{"start":{"line":16,"column":6},"end":{"line":16,"column":17}},{"start":{"line":16,"column":21},"end":{"line":16,"column":45}}],"line":16},"4":{"loc":{"start":{"line":22,"column":18},"end":{"line":29,"column":8}},"type":"cond-expr","locations":[{"start":{"line":23,"column":6},"end":{"line":28,"column":7}},{"start":{"line":29,"column":6},"end":{"line":29,"column":8}}],"line":22},"5":{"loc":{"start":{"line":56,"column":2},"end":{"line":58,"column":3}},"type":"if","locations":[{"start":{"line":56,"column":2},"end":{"line":58,"column":3}},{"start":{},"end":{}}],"line":56},"6":{"loc":{"start":{"line":68,"column":2},"end":{"line":70,"column":3}},"type":"if","locations":[{"start":{"line":68,"column":2},"end":{"line":70,"column":3}},{"start":{},"end":{}}],"line":68},"7":{"loc":{"start":{"line":72,"column":2},"end":{"line":88,"column":3}},"type":"if","locations":[{"start":{"line":72,"column":2},"end":{"line":88,"column":3}},{"start":{},"end":{}}],"line":72},"8":{"loc":{"start":{"line":74,"column":4},"end":{"line":76,"column":5}},"type":"if","locations":[{"start":{"line":74,"column":4},"end":{"line":76,"column":5}},{"start":{},"end":{}}],"line":74},"9":{"loc":{"start":{"line":83,"column":4},"end":{"line":85,"column":5}},"type":"if","locations":[{"start":{"line":83,"column":4},"end":{"line":85,"column":5}},{"start":{},"end":{}}],"line":83},"10":{"loc":{"start":{"line":90,"column":2},"end":{"line":92,"column":3}},"type":"if","locations":[{"start":{"line":90,"column":2},"end":{"line":92,"column":3}},{"start":{},"end":{}}],"line":90}},"s":{"0":7,"1":3,"2":0,"3":3,"4":3,"5":3,"6":3,"7":3,"8":7,"9":2,"10":2,"11":1,"12":1,"13":7,"14":5,"15":5,"16":5,"17":1,"18":4,"19":3,"20":0,"21":3,"22":3,"23":1,"24":2,"25":3,"26":2,"27":3,"28":3},"f":{"0":3,"1":2,"2":5},"b":{"0":[0],"1":[0],"2":[0,3],"3":[3,1],"4":[1,2],"5":[1,1],"6":[1,4],"7":[3,1],"8":[0,3],"9":[1,2],"10":[2,1]},"inputSourceMap":null,"_coverageSchema":"1a1c01bbd47fc00a2c39e90264f33305004495a9","hash":"09957dd757dbda4a3fd2f1bec0c2fc976d4ac033"}
,"C:\\Users\\ofirp\\OneDrive\\Desktop\\Wonders\\Projects\\chattrix\\backend\\utils\\generateAvatar.js": {"path":"C:\\Users\\ofirp\\OneDrive\\Desktop\\Wonders\\Projects\\chattrix\\backend\\utils\\generateAvatar.js","statementMap":{"0":{"start":{"line":10,"column":30},"end":{"line":39,"column":1}},"1":{"start":{"line":11,"column":2},"end":{"line":38,"column":3}},"2":{"start":{"line":12,"column":24},"end":{"line":12,"column":69}},"3":{"start":{"line":14,"column":19},"end":{"line":21,"column":6}},"4":{"start":{"line":24,"column":16},"end":{"line":24,"column":33}},"5":{"start":{"line":25,"column":20},"end":{"line":27,"column":7}},"6":{"start":{"line":29,"column":4},"end":{"line":29,"column":19}},"7":{"start":{"line":31,"column":4},"end":{"line":31,"column":53}},"8":{"start":{"line":33,"column":4},"end":{"line":35,"column":5}},"9":{"start":{"line":34,"column":6},"end":{"line":34,"column":47}},"10":{"start":{"line":37,"column":4},"end":{"line":37,"column":14}},"11":{"start":{"line":47,"column":36},"end":{"line":50,"column":1}},"12":{"start":{"line":48,"column":15},"end":{"line":48,"column":59}},"13":{"start":{"line":49,"column":2},"end":{"line":49,"column":43}}},"fnMap":{"0":{"name":"(anonymous_0)","decl":{"start":{"line":10,"column":30},"end":{"line":10,"column":31}},"loc":{"start":{"line":10,"column":61},"end":{"line":39,"column":1}},"line":10},"1":{"name":"(anonymous_1)","decl":{"start":{"line":47,"column":36},"end":{"line":47,"column":37}},"loc":{"start":{"line":47,"column":50},"end":{"line":50,"column":1}},"line":47}},"branchMap":{"0":{"loc":{"start":{"line":10,"column":37},"end":{"line":10,"column":56}},"type":"default-arg","locations":[{"start":{"line":10,"column":45},"end":{"line":10,"column":56}}],"line":10},"1":{"loc":{"start":{"line":12,"column":24},"end":{"line":12,"column":69}},"type":"cond-expr","locations":[{"start":{"line":12,"column":48},"end":{"line":12,"column":57}},{"start":{"line":12,"column":60},"end":{"line":12,"column":69}}],"line":12},"2":{"loc":{"start":{"line":15,"column":12},"end":{"line":15,"column":59}},"type":"binary-expr","locations":[{"start":{"line":15,"column":12},"end":{"line":15,"column":16}},{"start":{"line":15,"column":20},"end":{"line":15,"column":59}}],"line":15},"3":{"loc":{"start":{"line":18,"column":10},"end":{"line":20,"column":7}},"type":"binary-expr","locations":[{"start":{"line":18,"column":10},"end":{"line":18,"column":31}},{"start":{"line":18,"column":35},"end":{"line":20,"column":7}}],"line":18},"4":{"loc":{"start":{"line":33,"column":4},"end":{"line":35,"column":5}},"type":"if","locations":[{"start":{"line":33,"column":4},"end":{"line":35,"column":5}},{"start":{},"end":{}}],"line":33}},"s":{"0":9,"1":99,"2":99,"3":99,"4":99,"5":99,"6":99,"7":0,"8":0,"9":0,"10":0,"11":9,"12":99,"13":99},"f":{"0":99,"1":99},"b":{"0":[0],"1":[0,99],"2":[99,0],"3":[99,99],"4":[0,0]},"inputSourceMap":null,"_coverageSchema":"1a1c01bbd47fc00a2c39e90264f33305004495a9","hash":"245e439e19b6c45ee9f755e38e3f63bba265e4d0"}
,"C:\\Users\\ofirp\\OneDrive\\Desktop\\Wonders\\Projects\\chattrix\\backend\\utils\\generateToken.js": {"path":"C:\\Users\\ofirp\\OneDrive\\Desktop\\Wonders\\Projects\\chattrix\\backend\\utils\\generateToken.js","statementMap":{"0":{"start":{"line":4,"column":35},"end":{"line":8,"column":1}},"1":{"start":{"line":5,"column":2},"end":{"line":7,"column":5}},"2":{"start":{"line":11,"column":36},"end":{"line":15,"column":1}},"3":{"start":{"line":12,"column":2},"end":{"line":14,"column":5}},"4":{"start":{"line":18,"column":30},"end":{"line":23,"column":1}},"5":{"start":{"line":19,"column":2},"end":{"line":22,"column":4}},"6":{"start":{"line":26,"column":29},"end":{"line":28,"column":1}},"7":{"start":{"line":27,"column":2},"end":{"line":27,"column":33}}},"fnMap":{"0":{"name":"(anonymous_0)","decl":{"start":{"line":4,"column":35},"end":{"line":4,"column":36}},"loc":{"start":{"line":4,"column":43},"end":{"line":8,"column":1}},"line":4},"1":{"name":"(anonymous_1)","decl":{"start":{"line":11,"column":36},"end":{"line":11,"column":37}},"loc":{"start":{"line":11,"column":44},"end":{"line":15,"column":1}},"line":11},"2":{"name":"(anonymous_2)","decl":{"start":{"line":18,"column":30},"end":{"line":18,"column":31}},"loc":{"start":{"line":18,"column":38},"end":{"line":23,"column":1}},"line":18},"3":{"name":"(anonymous_3)","decl":{"start":{"line":26,"column":29},"end":{"line":26,"column":30}},"loc":{"start":{"line":26,"column":37},"end":{"line":28,"column":1}},"line":26}},"branchMap":{"0":{"loc":{"start":{"line":12,"column":26},"end":{"line":12,"column":82}},"type":"binary-expr","locations":[{"start":{"line":12,"column":26},"end":{"line":12,"column":56}},{"start":{"line":12,"column":60},"end":{"line":12,"column":82}}],"line":12}},"s":{"0":10,"1":103,"2":10,"3":103,"4":10,"5":102,"6":10,"7":0},"f":{"0":103,"1":103,"2":102,"3":0},"b":{"0":[103,0]},"inputSourceMap":null,"_coverageSchema":"1a1c01bbd47fc00a2c39e90264f33305004495a9","hash":"caec2def7214d09cda5637201a0dba7e44acd83e"}
,"C:\\Users\\ofirp\\OneDrive\\Desktop\\Wonders\\Projects\\chattrix\\backend\\utils\\logger.js": {"path":"C:\\Users\\ofirp\\OneDrive\\Desktop\\Wonders\\Projects\\chattrix\\backend\\utils\\logger.js","statementMap":{"0":{"start":{"line":4,"column":15},"end":{"line":17,"column":2}}},"fnMap":{},"branchMap":{"0":{"loc":{"start":{"line":5,"column":9},"end":{"line":5,"column":92}},"type":"binary-expr","locations":[{"start":{"line":5,"column":9},"end":{"line":5,"column":30}},{"start":{"line":5,"column":35},"end":{"line":5,"column":91}}],"line":5},"1":{"loc":{"start":{"line":5,"column":35},"end":{"line":5,"column":91}},"type":"cond-expr","locations":[{"start":{"line":5,"column":75},"end":{"line":5,"column":81}},{"start":{"line":5,"column":84},"end":{"line":5,"column":91}}],"line":5},"2":{"loc":{"start":{"line":7,"column":4},"end":{"line":16,"column":17}},"type":"cond-expr","locations":[{"start":{"line":8,"column":8},"end":{"line":15,"column":9}},{"start":{"line":16,"column":8},"end":{"line":16,"column":17}}],"line":7}},"s":{"0":6},"f":{},"b":{"0":[6,6],"1":[0,6],"2":[6,0]},"inputSourceMap":null,"_coverageSchema":"1a1c01bbd47fc00a2c39e90264f33305004495a9","hash":"dee1e1239ca3fbd99c153be99f308c77ea76e995"}
,"C:\\Users\\ofirp\\OneDrive\\Desktop\\Wonders\\Projects\\chattrix\\backend\\utils\\pagination.js": {"path":"C:\\Users\\ofirp\\OneDrive\\Desktop\\Wonders\\Projects\\chattrix\\backend\\utils\\pagination.js","statementMap":{"0":{"start":{"line":13,"column":33},"end":{"line":20,"column":1}},"1":{"start":{"line":14,"column":2},"end":{"line":19,"column":4}},"2":{"start":{"line":28,"column":23},"end":{"line":30,"column":1}},"3":{"start":{"line":29,"column":2},"end":{"line":29,"column":28}}},"fnMap":{"0":{"name":"(anonymous_0)","decl":{"start":{"line":13,"column":33},"end":{"line":13,"column":34}},"loc":{"start":{"line":13,"column":64},"end":{"line":20,"column":1}},"line":13},"1":{"name":"(anonymous_1)","decl":{"start":{"line":28,"column":23},"end":{"line":28,"column":24}},"loc":{"start":{"line":28,"column":40},"end":{"line":30,"column":1}},"line":28}},"branchMap":{},"s":{"0":8,"1":5,"2":8,"3":5},"f":{"0":5,"1":5},"b":{},"inputSourceMap":null,"_coverageSchema":"1a1c01bbd47fc00a2c39e90264f33305004495a9","hash":"31d5662740720fed643fe0d4a1e73ba7ae8a0e4a"}
,"C:\\Users\\ofirp\\OneDrive\\Desktop\\Wonders\\Projects\\chattrix\\backend\\utils\\response.js": {"path":"C:\\Users\\ofirp\\OneDrive\\Desktop\\Wonders\\Projects\\chattrix\\backend\\utils\\response.js","statementMap":{"0":{"start":{"line":12,"column":27},"end":{"line":20,"column":1}},"1":{"start":{"line":13,"column":19},"end":{"line":17,"column":3}},"2":{"start":{"line":19,"column":2},"end":{"line":19,"column":47}},"3":{"start":{"line":28,"column":25},"end":{"line":33,"column":1}},"4":{"start":{"line":29,"column":2},"end":{"line":32,"column":5}},"5":{"start":{"line":41,"column":29},"end":{"line":47,"column":1}},"6":{"start":{"line":42,"column":2},"end":{"line":46,"column":5}},"7":{"start":{"line":55,"column":27},"end":{"line":57,"column":1}},"8":{"start":{"line":56,"column":2},"end":{"line":56,"column":46}}},"fnMap":{"0":{"name":"(anonymous_0)","decl":{"start":{"line":12,"column":27},"end":{"line":12,"column":28}},"loc":{"start":{"line":12,"column":76},"end":{"line":20,"column":1}},"line":12},"1":{"name":"(anonymous_1)","decl":{"start":{"line":28,"column":25},"end":{"line":28,"column":26}},"loc":{"start":{"line":28,"column":61},"end":{"line":33,"column":1}},"line":28},"2":{"name":"(anonymous_2)","decl":{"start":{"line":41,"column":29},"end":{"line":41,"column":30}},"loc":{"start":{"line":41,"column":56},"end":{"line":47,"column":1}},"line":41},"3":{"name":"(anonymous_3)","decl":{"start":{"line":55,"column":27},"end":{"line":55,"column":28}},"loc":{"start":{"line":55,"column":58},"end":{"line":57,"column":1}},"line":55}},"branchMap":{"0":{"loc":{"start":{"line":12,"column":39},"end":{"line":12,"column":53}},"type":"default-arg","locations":[{"start":{"line":12,"column":49},"end":{"line":12,"column":53}}],"line":12},"1":{"loc":{"start":{"line":12,"column":55},"end":{"line":12,"column":71}},"type":"default-arg","locations":[{"start":{"line":12,"column":68},"end":{"line":12,"column":71}}],"line":12},"2":{"loc":{"start":{"line":15,"column":8},"end":{"line":15,"column":30}},"type":"binary-expr","locations":[{"start":{"line":15,"column":8},"end":{"line":15,"column":15}},{"start":{"line":15,"column":19},"end":{"line":15,"column":30}}],"line":15},"3":{"loc":{"start":{"line":16,"column":8},"end":{"line":16,"column":24}},"type":"binary-expr","locations":[{"start":{"line":16,"column":8},"end":{"line":16,"column":12}},{"start":{"line":16,"column":16},"end":{"line":16,"column":24}}],"line":16},"4":{"loc":{"start":{"line":28,"column":40},"end":{"line":28,"column":56}},"type":"default-arg","locations":[{"start":{"line":28,"column":53},"end":{"line":28,"column":56}}],"line":28},"5":{"loc":{"start":{"line":55,"column":39},"end":{"line":55,"column":53}},"type":"default-arg","locations":[{"start":{"line":55,"column":49},"end":{"line":55,"column":53}}],"line":55}},"s":{"0":6,"1":8,"2":8,"3":6,"4":0,"5":6,"6":0,"7":6,"8":2},"f":{"0":8,"1":0,"2":0,"3":2},"b":{"0":[4],"1":[4],"2":[8,0],"3":[8,8],"4":[0],"5":[2]},"inputSourceMap":null,"_coverageSchema":"1a1c01bbd47fc00a2c39e90264f33305004495a9","hash":"54288d3b0df63ef76850df1977d11ae6659cbbd2"}
,"C:\\Users\\ofirp\\OneDrive\\Desktop\\Wonders\\Projects\\chattrix\\backend\\utils\\shutdown.js": {"path":"C:\\Users\\ofirp\\OneDrive\\Desktop\\Wonders\\Projects\\chattrix\\backend\\utils\\shutdown.js","statementMap":{"0":{"start":{"line":4,"column":37},"end":{"line":45,"column":1}},"1":{"start":{"line":5,"column":27},"end":{"line":28,"column":3}},"2":{"start":{"line":6,"column":4},"end":{"line":6,"column":59}},"3":{"start":{"line":9,"column":4},"end":{"line":13,"column":5}},"4":{"start":{"line":10,"column":6},"end":{"line":12,"column":9}},"5":{"start":{"line":11,"column":8},"end":{"line":11,"column":47}},"6":{"start":{"line":15,"column":4},"end":{"line":21,"column":7}},"7":{"start":{"line":16,"column":6},"end":{"line":16,"column":40}},"8":{"start":{"line":17,"column":6},"end":{"line":20,"column":9}},"9":{"start":{"line":18,"column":8},"end":{"line":18,"column":49}},"10":{"start":{"line":19,"column":8},"end":{"line":19,"column":24}},"11":{"start":{"line":24,"column":4},"end":{"line":27,"column":14}},"12":{"start":{"line":25,"column":6},"end":{"line":25,"column":84}},"13":{"start":{"line":26,"column":6},"end":{"line":26,"column":22}},"14":{"start":{"line":31,"column":2},"end":{"line":34,"column":5}},"15":{"start":{"line":32,"column":4},"end":{"line":32,"column":73}},"16":{"start":{"line":33,"column":4},"end":{"line":33,"column":43}},"17":{"start":{"line":37,"column":2},"end":{"line":40,"column":5}},"18":{"start":{"line":38,"column":4},"end":{"line":38,"column":64}},"19":{"start":{"line":39,"column":4},"end":{"line":39,"column":20}},"20":{"start":{"line":43,"column":2},"end":{"line":43,"column":59}},"21":{"start":{"line":43,"column":30},"end":{"line":43,"column":57}},"22":{"start":{"line":44,"column":2},"end":{"line":44,"column":57}},"23":{"start":{"line":44,"column":29},"end":{"line":44,"column":55}}},"fnMap":{"0":{"name":"(anonymous_0)","decl":{"start":{"line":4,"column":37},"end":{"line":4,"column":38}},"loc":{"start":{"line":4,"column":57},"end":{"line":45,"column":1}},"line":4},"1":{"name":"(anonymous_1)","decl":{"start":{"line":5,"column":27},"end":{"line":5,"column":28}},"loc":{"start":{"line":5,"column":45},"end":{"line":28,"column":3}},"line":5},"2":{"name":"(anonymous_2)","decl":{"start":{"line":10,"column":15},"end":{"line":10,"column":16}},"loc":{"start":{"line":10,"column":21},"end":{"line":12,"column":7}},"line":10},"3":{"name":"(anonymous_3)","decl":{"start":{"line":15,"column":21},"end":{"line":15,"column":22}},"loc":{"start":{"line":15,"column":27},"end":{"line":21,"column":5}},"line":15},"4":{"name":"(anonymous_4)","decl":{"start":{"line":17,"column":39},"end":{"line":17,"column":40}},"loc":{"start":{"line":17,"column":45},"end":{"line":20,"column":7}},"line":17},"5":{"name":"(anonymous_5)","decl":{"start":{"line":24,"column":15},"end":{"line":24,"column":16}},"loc":{"start":{"line":24,"column":21},"end":{"line":27,"column":5}},"line":24},"6":{"name":"(anonymous_6)","decl":{"start":{"line":31,"column":35},"end":{"line":31,"column":36}},"loc":{"start":{"line":31,"column":44},"end":{"line":34,"column":3}},"line":31},"7":{"name":"(anonymous_7)","decl":{"start":{"line":37,"column":34},"end":{"line":37,"column":35}},"loc":{"start":{"line":37,"column":43},"end":{"line":40,"column":3}},"line":37},"8":{"name":"(anonymous_8)","decl":{"start":{"line":43,"column":24},"end":{"line":43,"column":25}},"loc":{"start":{"line":43,"column":30},"end":{"line":43,"column":57}},"line":43},"9":{"name":"(anonymous_9)","decl":{"start":{"line":44,"column":23},"end":{"line":44,"column":24}},"loc":{"start":{"line":44,"column":29},"end":{"line":44,"column":55}},"line":44}},"branchMap":{"0":{"loc":{"start":{"line":9,"column":4},"end":{"line":13,"column":5}},"type":"if","locations":[{"start":{"line":9,"column":4},"end":{"line":13,"column":5}},{"start":{},"end":{}}],"line":9}},"s":{"0":0,"1":0,"2":0,"3":0,"4":0,"5":0,"6":0,"7":0,"8":0,"9":0,"10":0,"11":0,"12":0,"13":0,"14":0,"15":0,"16":0,"17":0,"18":0,"19":0,"20":0,"21":0,"22":0,"23":0},"f":{"0":0,"1":0,"2":0,"3":0,"4":0,"5":0,"6":0,"7":0,"8":0,"9":0},"b":{"0":[0,0]},"inputSourceMap":null}
,"C:\\Users\\ofirp\\OneDrive\\Desktop\\Wonders\\Projects\\chattrix\\backend\\utils\\validators.js": {"path":"C:\\Users\\ofirp\\OneDrive\\Desktop\\Wonders\\Projects\\chattrix\\backend\\utils\\validators.js","statementMap":{"0":{"start":{"line":9,"column":32},"end":{"line":16,"column":1}},"1":{"start":{"line":10,"column":2},"end":{"line":15,"column":5}},"2":{"start":{"line":11,"column":4},"end":{"line":13,"column":5}},"3":{"start":{"line":12,"column":6},"end":{"line":12,"column":46}},"4":{"start":{"line":14,"column":4},"end":{"line":14,"column":16}},"5":{"start":{"line":24,"column":36},"end":{"line":34,"column":1}},"6":{"start":{"line":25,"column":2},"end":{"line":33,"column":7}},"7":{"start":{"line":29,"column":6},"end":{"line":31,"column":7}},"8":{"start":{"line":30,"column":8},"end":{"line":30,"column":65}},"9":{"start":{"line":32,"column":6},"end":{"line":32,"column":18}},"10":{"start":{"line":40,"column":36},"end":{"line":49,"column":1}},"11":{"start":{"line":57,"column":35},"end":{"line":64,"column":1}},"12":{"start":{"line":58,"column":15},"end":{"line":58,"column":53}},"13":{"start":{"line":59,"column":16},"end":{"line":62,"column":3}},"14":{"start":{"line":63,"column":2},"end":{"line":63,"column":25}}},"fnMap":{"0":{"name":"(anonymous_0)","decl":{"start":{"line":9,"column":32},"end":{"line":9,"column":33}},"loc":{"start":{"line":9,"column":47},"end":{"line":16,"column":1}},"line":9},"1":{"name":"(anonymous_1)","decl":{"start":{"line":10,"column":33},"end":{"line":10,"column":34}},"loc":{"start":{"line":10,"column":44},"end":{"line":15,"column":3}},"line":10},"2":{"name":"(anonymous_2)","decl":{"start":{"line":24,"column":36},"end":{"line":24,"column":37}},"loc":{"start":{"line":24,"column":73},"end":{"line":34,"column":1}},"line":24},"3":{"name":"(anonymous_3)","decl":{"start":{"line":28,"column":12},"end":{"line":28,"column":13}},"loc":{"start":{"line":28,"column":23},"end":{"line":33,"column":5}},"line":28},"4":{"name":"(anonymous_4)","decl":{"start":{"line":57,"column":35},"end":{"line":57,"column":36}},"loc":{"start":{"line":57,"column":65},"end":{"line":64,"column":1}},"line":57}},"branchMap":{"0":{"loc":{"start":{"line":11,"column":4},"end":{"line":13,"column":5}},"type":"if","locations":[{"start":{"line":11,"column":4},"end":{"line":13,"column":5}},{"start":{},"end":{}}],"line":11},"1":{"loc":{"start":{"line":24,"column":48},"end":{"line":24,"column":68}},"type":"default-arg","locations":[{"start":{"line":24,"column":64},"end":{"line":24,"column":68}}],"line":24},"2":{"loc":{"start":{"line":27,"column":17},"end":{"line":27,"column":60}},"type":"binary-expr","locations":[{"start":{"line":27,"column":17},"end":{"line":27,"column":30}},{"start":{"line":27,"column":34},"end":{"line":27,"column":60}}],"line":27},"3":{"loc":{"start":{"line":29,"column":6},"end":{"line":31,"column":7}},"type":"if","locations":[{"start":{"line":29,"column":6},"end":{"line":31,"column":7}},{"start":{},"end":{}}],"line":29},"4":{"loc":{"start":{"line":30,"column":24},"end":{"line":30,"column":63}},"type":"binary-expr","locations":[{"start":{"line":30,"column":24},"end":{"line":30,"column":37}},{"start":{"line":30,"column":41},"end":{"line":30,"column":63}}],"line":30},"5":{"loc":{"start":{"line":57,"column":43},"end":{"line":57,"column":60}},"type":"default-arg","locations":[{"start":{"line":57,"column":58},"end":{"line":57,"column":60}}],"line":57},"6":{"loc":{"start":{"line":58,"column":27},"end":{"line":58,"column":52}},"type":"binary-expr","locations":[{"start":{"line":58,"column":27},"end":{"line":58,"column":47}},{"start":{"line":58,"column":51},"end":{"line":58,"column":52}}],"line":58},"7":{"loc":{"start":{"line":61,"column":16},"end":{"line":61,"column":53}},"type":"binary-expr","locations":[{"start":{"line":61,"column":16},"end":{"line":61,"column":37}},{"start":{"line":61,"column":41},"end":{"line":61,"column":53}}],"line":61}},"s":{"0":6,"1":24,"2":5,"3":1,"4":4,"5":6,"6":12,"7":6,"8":2,"9":4,"10":6,"11":6,"12":0,"13":0,"14":0},"f":{"0":24,"1":5,"2":12,"3":6,"4":0},"b":{"0":[1,4],"1":[0],"2":[12,0],"3":[2,4],"4":[2,0],"5":[0],"6":[0,0],"7":[0,0]},"inputSourceMap":null,"_coverageSchema":"1a1c01bbd47fc00a2c39e90264f33305004495a9","hash":"d980d9b51cf814d3f839d8d80f35bcf8307ee57a"}
}
