TN:
SF:controllers\authController.js
FN:8,(anonymous_0)
FN:26,(anonymous_1)
FN:44,(anonymous_2)
FN:56,(anonymous_3)
FN:69,(anonymous_4)
FNF:5
FNH:0
FNDA:0,(anonymous_0)
FNDA:0,(anonymous_1)
FNDA:0,(anonymous_2)
FNDA:0,(anonymous_3)
FNDA:0,(anonymous_4)
DA:8,6
DA:9,0
DA:10,0
DA:11,0
DA:13,0
DA:19,0
DA:26,6
DA:27,0
DA:28,0
DA:29,0
DA:31,0
DA:37,0
DA:44,6
DA:45,0
DA:46,0
DA:47,0
DA:49,0
DA:56,6
DA:57,0
DA:58,0
DA:59,0
DA:60,0
DA:62,0
DA:69,6
DA:70,0
DA:71,0
DA:72,0
DA:73,0
DA:74,0
DA:76,0
LF:30
LH:5
BRF:0
BRH:0
end_of_record
TN:
SF:controllers\chatController.js
FN:7,(anonymous_0)
FN:19,(anonymous_1)
FN:36,(anonymous_2)
FNF:3
FNH:3
FNDA:2,(anonymous_0)
FNDA:4,(anonymous_1)
FNDA:4,(anonymous_2)
DA:7,6
DA:8,2
DA:9,2
DA:10,2
DA:12,0
DA:19,6
DA:20,4
DA:21,4
DA:22,4
DA:24,3
DA:25,2
DA:27,1
DA:29,1
DA:36,6
DA:37,4
DA:38,4
DA:39,3
DA:41,1
LF:18
LH:17
BRDA:24,0,0,2
BRDA:24,0,1,1
BRF:2
BRH:2
end_of_record
TN:
SF:controllers\messageController.js
FN:9,(anonymous_0)
FN:32,(anonymous_1)
FN:53,(anonymous_2)
FNF:3
FNH:0
FNDA:0,(anonymous_0)
FNDA:0,(anonymous_1)
FNDA:0,(anonymous_2)
DA:9,6
DA:10,0
DA:12,0
DA:15,0
DA:17,0
DA:23,0
DA:25,0
DA:32,6
DA:33,0
DA:34,0
DA:36,0
DA:44,0
DA:46,0
DA:53,6
DA:54,0
DA:55,0
DA:56,0
DA:58,0
LF:18
LH:3
BRF:0
BRH:0
end_of_record
TN:
SF:controllers\userController.js
FN:8,(anonymous_0)
FN:29,(anonymous_1)
FN:41,(anonymous_2)
FNF:3
FNH:0
FNDA:0,(anonymous_0)
FNDA:0,(anonymous_1)
FNDA:0,(anonymous_2)
DA:8,6
DA:9,0
DA:11,0
DA:13,0
DA:20,0
DA:22,0
DA:29,6
DA:30,0
DA:31,0
DA:32,0
DA:34,0
DA:41,6
DA:42,0
DA:43,0
DA:44,0
DA:48,0
DA:50,0
LF:17
LH:3
BRF:0
BRH:0
end_of_record
TN:
SF:middleware\auth.js
FN:5,(anonymous_0)
FNF:1
FNH:1
FNDA:14,(anonymous_0)
DA:5,6
DA:8,14
DA:12,13
DA:14,13
DA:17,13
DA:18,13
DA:19,0
DA:26,13
DA:29,13
DA:31,13
DA:32,0
DA:38,13
DA:40,0
DA:41,0
DA:46,0
DA:47,0
DA:52,0
DA:53,0
DA:59,1
LF:19
LH:11
BRDA:8,0,0,13
BRDA:8,0,1,1
BRDA:9,1,0,14
BRDA:9,1,1,13
BRDA:18,2,0,0
BRDA:18,2,1,13
BRDA:31,3,0,0
BRDA:31,3,1,13
BRDA:40,4,0,0
BRDA:40,4,1,0
BRDA:46,5,0,0
BRDA:46,5,1,0
BRF:12
BRH:6
end_of_record
TN:
SF:middleware\errorHandler.js
FN:4,(anonymous_0)
FN:47,(anonymous_1)
FN:78,(anonymous_2)
FNF:3
FNH:1
FNDA:2,(anonymous_0)
FNDA:0,(anonymous_1)
FNDA:0,(anonymous_2)
DA:4,6
DA:5,2
DA:6,2
DA:9,2
DA:27,2
DA:28,2
DA:35,0
DA:36,0
DA:40,0
DA:41,0
DA:45,0
DA:46,0
DA:47,0
DA:49,0
DA:53,0
DA:54,0
DA:57,0
DA:58,0
DA:62,0
DA:64,0
DA:68,0
DA:78,6
DA:79,0
DA:80,0
DA:81,0
LF:25
LH:7
BRDA:27,0,0,2
BRDA:27,0,1,0
BRDA:35,1,0,0
BRDA:35,1,1,0
BRDA:40,2,0,0
BRDA:40,2,1,0
BRDA:45,3,0,0
BRDA:45,3,1,0
BRDA:53,4,0,0
BRDA:53,4,1,0
BRDA:57,5,0,0
BRDA:57,5,1,0
BRDA:62,6,0,0
BRDA:62,6,1,0
BRDA:64,7,0,0
BRDA:64,7,1,0
BRDA:64,8,0,0
BRDA:64,8,1,0
BRDA:66,9,0,0
BRDA:66,9,1,0
BRDA:71,10,0,0
BRDA:71,10,1,0
BRF:22
BRH:1
end_of_record
TN:
SF:middleware\rateLimiter.js
FN:13,(anonymous_0)
FN:31,(anonymous_1)
FNF:2
FNH:0
FNDA:0,(anonymous_0)
FNDA:0,(anonymous_1)
DA:4,6
DA:15,0
DA:16,0
DA:17,0
DA:22,6
DA:33,0
DA:34,0
DA:35,0
LF:8
LH:2
BRDA:15,0,0,0
BRDA:15,0,1,0
BRDA:16,1,0,0
BRDA:16,1,1,0
BRDA:33,2,0,0
BRDA:33,2,1,0
BRDA:34,3,0,0
BRDA:34,3,1,0
BRF:8
BRH:0
end_of_record
TN:
SF:middleware\validation.js
FN:3,(anonymous_0)
FNF:1
FNH:1
FNDA:11,(anonymous_0)
DA:3,6
DA:4,11
DA:5,11
DA:6,3
DA:11,8
LF:5
LH:5
BRDA:5,0,0,3
BRDA:5,0,1,8
BRF:2
BRH:2
end_of_record
TN:
SF:services\authService.js
FN:8,(anonymous_0)
FN:43,(anonymous_1)
FN:71,(anonymous_2)
FN:98,(anonymous_3)
FNF:4
FNH:2
FNDA:100,(anonymous_0)
FNDA:2,(anonymous_1)
FNDA:0,(anonymous_2)
FNDA:0,(anonymous_3)
DA:8,9
DA:10,100
DA:14,100
DA:15,1
DA:19,99
DA:22,99
DA:29,99
DA:31,99
DA:43,9
DA:45,2
DA:47,2
DA:48,1
DA:52,1
DA:53,1
DA:54,1
DA:56,1
DA:58,1
DA:71,9
DA:72,0
DA:73,0
DA:77,0
DA:78,0
DA:79,0
DA:83,0
DA:89,0
DA:90,0
DA:91,0
DA:95,0
DA:98,9
DA:99,0
DA:101,0
DA:102,0
DA:103,0
DA:104,0
DA:111,0
DA:112,0
DA:113,0
DA:114,0
DA:121,0
DA:122,0
LF:40
LH:19
BRDA:14,0,0,1
BRDA:14,0,1,99
BRDA:47,1,0,1
BRDA:47,1,1,1
BRDA:47,2,0,2
BRDA:47,2,1,2
BRDA:72,3,0,0
BRDA:72,3,1,0
BRDA:78,4,0,0
BRDA:78,4,1,0
BRDA:85,5,0,0
BRDA:85,5,1,0
BRDA:90,6,0,0
BRDA:90,6,1,0
BRDA:101,7,0,0
BRDA:101,7,1,0
BRDA:103,8,0,0
BRDA:103,8,1,0
BRDA:103,9,0,0
BRDA:103,9,1,0
BRDA:111,10,0,0
BRDA:111,10,1,0
BRDA:113,11,0,0
BRDA:113,11,1,0
BRDA:113,12,0,0
BRDA:113,12,1,0
BRDA:121,13,0,0
BRDA:121,13,1,0
BRF:28
BRH:6
end_of_record
TN:
SF:services\chatService.js
FN:5,(anonymous_0)
FN:28,(anonymous_1)
FN:86,(anonymous_2)
FN:112,(anonymous_3)
FN:125,(anonymous_4)
FN:130,(anonymous_5)
FNF:6
FNH:3
FNDA:2,(anonymous_0)
FNDA:4,(anonymous_1)
FNDA:4,(anonymous_2)
FNDA:0,(anonymous_3)
FNDA:0,(anonymous_4)
FNDA:0,(anonymous_5)
DA:5,6
DA:6,2
DA:25,2
DA:28,6
DA:30,4
DA:31,0
DA:35,4
DA:36,4
DA:37,1
DA:41,3
DA:58,3
DA:60,1
DA:64,2
DA:68,2
DA:83,2
DA:86,6
DA:87,4
DA:105,4
DA:106,1
DA:109,3
DA:112,6
DA:113,0
DA:118,0
DA:119,0
DA:122,0
DA:125,6
DA:126,0
DA:130,0
LF:28
LH:21
BRDA:30,0,0,0
BRDA:30,0,1,4
BRDA:36,1,0,1
BRDA:36,1,1,3
BRDA:58,2,0,1
BRDA:58,2,1,2
BRDA:105,3,0,1
BRDA:105,3,1,3
BRDA:118,4,0,0
BRDA:118,4,1,0
BRF:10
BRH:7
end_of_record
TN:
SF:services\messageService.js
FN:7,(anonymous_0)
FN:29,(anonymous_1)
FN:119,(anonymous_2)
FN:134,(anonymous_3)
FNF:4
FNH:3
FNDA:2,(anonymous_0)
FNDA:4,(anonymous_1)
FNDA:3,(anonymous_2)
FNDA:0,(anonymous_3)
DA:7,7
DA:8,2
DA:10,2
DA:23,2
DA:29,7
DA:31,4
DA:32,4
DA:33,1
DA:35,3
DA:36,1
DA:40,2
DA:45,2
DA:46,1
DA:50,1
DA:52,1
DA:53,0
DA:54,0
DA:56,0
DA:57,0
DA:71,0
DA:77,0
DA:78,0
DA:81,0
DA:88,0
DA:90,0
DA:91,0
DA:92,0
DA:96,1
DA:105,1
DA:108,1
DA:115,1
DA:119,7
DA:120,3
DA:122,3
DA:123,1
DA:127,2
DA:128,2
DA:129,1
DA:133,1
DA:134,0
DA:137,1
DA:138,1
DA:142,1
DA:145,1
LF:44
LH:31
BRDA:7,0,0,0
BRDA:7,1,0,0
BRDA:32,2,0,1
BRDA:32,2,1,3
BRDA:35,3,0,1
BRDA:35,3,1,2
BRDA:45,4,0,1
BRDA:45,4,1,1
BRDA:52,5,0,0
BRDA:52,5,1,1
BRDA:63,6,0,0
BRDA:63,6,1,0
BRDA:64,7,0,0
BRDA:64,7,1,0
BRDA:100,8,0,1
BRDA:100,8,1,0
BRDA:101,9,0,1
BRDA:101,9,1,1
BRDA:122,10,0,1
BRDA:122,10,1,2
BRDA:128,11,0,1
BRDA:128,11,1,1
BRDA:128,12,0,2
BRDA:128,12,1,2
BRDA:137,13,0,1
BRDA:137,13,1,0
BRF:26
BRH:17
end_of_record
TN:
SF:services\userService.js
FN:9,(anonymous_0)
FN:51,(anonymous_1)
FN:63,(anonymous_2)
FNF:3
FNH:3
FNDA:3,(anonymous_0)
FNDA:2,(anonymous_1)
FNDA:5,(anonymous_2)
DA:9,7
DA:16,3
DA:17,0
DA:20,3
DA:22,3
DA:31,3
DA:36,3
DA:45,3
DA:51,7
DA:52,2
DA:56,2
DA:57,1
DA:60,1
DA:63,7
DA:64,5
DA:66,5
DA:68,5
DA:69,1
DA:72,4
DA:74,3
DA:75,0
DA:78,3
DA:83,3
DA:84,1
DA:87,2
DA:90,3
DA:91,2
DA:94,3
DA:95,3
LF:29
LH:27
BRDA:12,0,0,0
BRDA:13,1,0,0
BRDA:16,2,0,0
BRDA:16,2,1,3
BRDA:16,3,0,3
BRDA:16,3,1,1
BRDA:22,4,0,1
BRDA:22,4,1,2
BRDA:56,5,0,1
BRDA:56,5,1,1
BRDA:68,6,0,1
BRDA:68,6,1,4
BRDA:72,7,0,3
BRDA:72,7,1,1
BRDA:74,8,0,0
BRDA:74,8,1,3
BRDA:83,9,0,1
BRDA:83,9,1,2
BRDA:90,10,0,2
BRDA:90,10,1,1
BRF:20
BRH:16
end_of_record
TN:
SF:utils\generateAvatar.js
FN:10,(anonymous_0)
FN:47,(anonymous_1)
FNF:2
FNH:2
FNDA:99,(anonymous_0)
FNDA:99,(anonymous_1)
DA:10,9
DA:11,99
DA:12,99
DA:14,99
DA:24,99
DA:25,99
DA:29,99
DA:31,0
DA:33,0
DA:34,0
DA:37,0
DA:47,9
DA:48,99
DA:49,99
LF:14
LH:10
BRDA:10,0,0,0
BRDA:12,1,0,0
BRDA:12,1,1,99
BRDA:15,2,0,99
BRDA:15,2,1,0
BRDA:18,3,0,99
BRDA:18,3,1,99
BRDA:33,4,0,0
BRDA:33,4,1,0
BRF:9
BRH:4
end_of_record
TN:
SF:utils\generateToken.js
FN:4,(anonymous_0)
FN:11,(anonymous_1)
FN:18,(anonymous_2)
FN:26,(anonymous_3)
FNF:4
FNH:3
FNDA:103,(anonymous_0)
FNDA:103,(anonymous_1)
FNDA:102,(anonymous_2)
FNDA:0,(anonymous_3)
DA:4,10
DA:5,103
DA:11,10
DA:12,103
DA:18,10
DA:19,102
DA:26,10
DA:27,0
LF:8
LH:7
BRDA:12,0,0,103
BRDA:12,0,1,0
BRF:2
BRH:1
end_of_record
TN:
SF:utils\logger.js
FNF:0
FNH:0
DA:4,6
LF:1
LH:1
BRDA:5,0,0,6
BRDA:5,0,1,6
BRDA:5,1,0,0
BRDA:5,1,1,6
BRDA:7,2,0,6
BRDA:7,2,1,0
BRF:6
BRH:4
end_of_record
TN:
SF:utils\pagination.js
FN:13,(anonymous_0)
FN:28,(anonymous_1)
FNF:2
FNH:2
FNDA:5,(anonymous_0)
FNDA:5,(anonymous_1)
DA:13,8
DA:14,5
DA:28,8
DA:29,5
LF:4
LH:4
BRF:0
BRH:0
end_of_record
TN:
SF:utils\response.js
FN:12,(anonymous_0)
FN:28,(anonymous_1)
FN:41,(anonymous_2)
FN:55,(anonymous_3)
FNF:4
FNH:2
FNDA:8,(anonymous_0)
FNDA:0,(anonymous_1)
FNDA:0,(anonymous_2)
FNDA:2,(anonymous_3)
DA:12,6
DA:13,8
DA:19,8
DA:28,6
DA:29,0
DA:41,6
DA:42,0
DA:55,6
DA:56,2
LF:9
LH:7
BRDA:12,0,0,4
BRDA:12,1,0,4
BRDA:15,2,0,8
BRDA:15,2,1,0
BRDA:16,3,0,8
BRDA:16,3,1,8
BRDA:28,4,0,0
BRDA:55,5,0,2
BRF:8
BRH:6
end_of_record
TN:
SF:utils\shutdown.js
FN:4,(anonymous_0)
FN:5,(anonymous_1)
FN:10,(anonymous_2)
FN:15,(anonymous_3)
FN:17,(anonymous_4)
FN:24,(anonymous_5)
FN:31,(anonymous_6)
FN:37,(anonymous_7)
FN:43,(anonymous_8)
FN:44,(anonymous_9)
FNF:10
FNH:0
FNDA:0,(anonymous_0)
FNDA:0,(anonymous_1)
FNDA:0,(anonymous_2)
FNDA:0,(anonymous_3)
FNDA:0,(anonymous_4)
FNDA:0,(anonymous_5)
FNDA:0,(anonymous_6)
FNDA:0,(anonymous_7)
FNDA:0,(anonymous_8)
FNDA:0,(anonymous_9)
DA:4,0
DA:5,0
DA:6,0
DA:9,0
DA:10,0
DA:11,0
DA:15,0
DA:16,0
DA:17,0
DA:18,0
DA:19,0
DA:24,0
DA:25,0
DA:26,0
DA:31,0
DA:32,0
DA:33,0
DA:37,0
DA:38,0
DA:39,0
DA:43,0
DA:44,0
LF:22
LH:0
BRDA:9,0,0,0
BRDA:9,0,1,0
BRF:2
BRH:0
end_of_record
TN:
SF:utils\validators.js
FN:9,(anonymous_0)
FN:10,(anonymous_1)
FN:24,(anonymous_2)
FN:28,(anonymous_3)
FN:57,(anonymous_4)
FNF:5
FNH:4
FNDA:24,(anonymous_0)
FNDA:5,(anonymous_1)
FNDA:12,(anonymous_2)
FNDA:6,(anonymous_3)
FNDA:0,(anonymous_4)
DA:9,6
DA:10,24
DA:11,5
DA:12,1
DA:14,4
DA:24,6
DA:25,12
DA:29,6
DA:30,2
DA:32,4
DA:40,6
DA:57,6
DA:58,0
DA:59,0
DA:63,0
LF:15
LH:12
BRDA:11,0,0,1
BRDA:11,0,1,4
BRDA:24,1,0,0
BRDA:27,2,0,12
BRDA:27,2,1,0
BRDA:29,3,0,2
BRDA:29,3,1,4
BRDA:30,4,0,2
BRDA:30,4,1,0
BRDA:57,5,0,0
BRDA:58,6,0,0
BRDA:58,6,1,0
BRDA:61,7,0,0
BRDA:61,7,1,0
BRF:14
BRH:6
end_of_record
